<?xml version="1.0" encoding="UTF-8"?>
<testsuite name="automationtesting.aperturapagina.TestAbrirPagina" tests="1" skipped="0" failures="0" errors="0" timestamp="2020-09-22T03:20:34" hostname="SCT1MDEWIN10" time="10.067">
  <properties/>
  <testcase name="abrirPagina" classname="automationtesting.aperturapagina.TestAbrirPagina" time="10.067"/>
  <system-out><![CDATA[]]></system-out>
  <system-err><![CDATA[Starting ChromeDriver 85.0.4183.87 (cd6713ebf92fa1cacc0f1a598df280093af0c5d7-refs/branch-heads/4183@{#1689}) on port 33962
Only local connections are allowed.
Please see https://chromedriver.chromium.org/security-considerations for suggestions on keeping ChromeDriver safe.
ChromeDriver was started successfully.
sep 21, 2020 10:20:38 PM org.openqa.selenium.remote.ProtocolHandshake createSession
INFORMACIÃ“N: Detected dialect: W3C
]]></system-err>
</testsuite>
